{"C:\\Users\\Father Fakir\\Desktop\\Textbooks\\SD\\LucsProj\\Lucs-Project\\Back-end\\routes\\allocations.js": {"path":"C:\\Users\\Father Fakir\\Desktop\\Textbooks\\SD\\LucsProj\\Lucs-Project\\Back-end\\routes\\allocations.js","statementMap":{"0":{"start":{"line":1,"column":16},"end":{"line":1,"column":34}},"1":{"start":{"line":2,"column":15},"end":{"line":2,"column":31}},"2":{"start":{"line":3,"column":48},"end":{"line":3,"column":68}},"3":{"start":{"line":10,"column":0},"end":{"line":18,"column":3}},"4":{"start":{"line":11,"column":4},"end":{"line":17,"column":5}},"5":{"start":{"line":12,"column":28},"end":{"line":12,"column":54}},"6":{"start":{"line":13,"column":8},"end":{"line":13,"column":30}},"7":{"start":{"line":15,"column":8},"end":{"line":15,"column":27}},"8":{"start":{"line":16,"column":8},"end":{"line":16,"column":53}},"9":{"start":{"line":21,"column":0},"end":{"line":32,"column":3}},"10":{"start":{"line":22,"column":4},"end":{"line":31,"column":5}},"11":{"start":{"line":23,"column":22},"end":{"line":26,"column":10}},"12":{"start":{"line":27,"column":8},"end":{"line":27,"column":24}},"13":{"start":{"line":29,"column":8},"end":{"line":29,"column":27}},"14":{"start":{"line":30,"column":8},"end":{"line":30,"column":53}},"15":{"start":{"line":35,"column":0},"end":{"line":46,"column":3}},"16":{"start":{"line":36,"column":4},"end":{"line":45,"column":5}},"17":{"start":{"line":37,"column":32},"end":{"line":40,"column":10}},"18":{"start":{"line":41,"column":8},"end":{"line":41,"column":34}},"19":{"start":{"line":43,"column":8},"end":{"line":43,"column":27}},"20":{"start":{"line":44,"column":8},"end":{"line":44,"column":53}},"21":{"start":{"line":53,"column":0},"end":{"line":62,"column":3}},"22":{"start":{"line":54,"column":4},"end":{"line":61,"column":5}},"23":{"start":{"line":56,"column":30},"end":{"line":56,"column":63}},"24":{"start":{"line":57,"column":8},"end":{"line":57,"column":110}},"25":{"start":{"line":59,"column":8},"end":{"line":59,"column":27}},"26":{"start":{"line":60,"column":8},"end":{"line":60,"column":53}},"27":{"start":{"line":65,"column":0},"end":{"line":80,"column":3}},"28":{"start":{"line":66,"column":4},"end":{"line":79,"column":5}},"29":{"start":{"line":68,"column":24},"end":{"line":70,"column":10}},"30":{"start":{"line":72,"column":8},"end":{"line":74,"column":9}},"31":{"start":{"line":73,"column":12},"end":{"line":73,"column":77}},"32":{"start":{"line":75,"column":8},"end":{"line":75,"column":76}},"33":{"start":{"line":77,"column":8},"end":{"line":77,"column":27}},"34":{"start":{"line":78,"column":8},"end":{"line":78,"column":53}},"35":{"start":{"line":82,"column":0},"end":{"line":82,"column":24}}},"fnMap":{"0":{"name":"(anonymous_0)","decl":{"start":{"line":10,"column":16},"end":{"line":10,"column":17}},"loc":{"start":{"line":10,"column":36},"end":{"line":18,"column":1}},"line":10},"1":{"name":"(anonymous_1)","decl":{"start":{"line":21,"column":32},"end":{"line":21,"column":33}},"loc":{"start":{"line":21,"column":52},"end":{"line":32,"column":1}},"line":21},"2":{"name":"(anonymous_2)","decl":{"start":{"line":35,"column":32},"end":{"line":35,"column":33}},"loc":{"start":{"line":35,"column":52},"end":{"line":46,"column":1}},"line":35},"3":{"name":"(anonymous_3)","decl":{"start":{"line":53,"column":17},"end":{"line":53,"column":18}},"loc":{"start":{"line":53,"column":37},"end":{"line":62,"column":1}},"line":53},"4":{"name":"(anonymous_4)","decl":{"start":{"line":65,"column":22},"end":{"line":65,"column":23}},"loc":{"start":{"line":65,"column":42},"end":{"line":80,"column":1}},"line":65}},"branchMap":{"0":{"loc":{"start":{"line":72,"column":8},"end":{"line":74,"column":9}},"type":"if","locations":[{"start":{"line":72,"column":8},"end":{"line":74,"column":9}},{"start":{},"end":{}}],"line":72}},"s":{"0":1,"1":1,"2":1,"3":1,"4":2,"5":2,"6":1,"7":1,"8":1,"9":1,"10":1,"11":1,"12":1,"13":0,"14":0,"15":1,"16":0,"17":0,"18":0,"19":0,"20":0,"21":1,"22":2,"23":2,"24":1,"25":1,"26":1,"27":1,"28":2,"29":2,"30":2,"31":1,"32":1,"33":0,"34":0,"35":1},"f":{"0":2,"1":1,"2":0,"3":2,"4":2},"b":{"0":[1,1]},"_coverageSchema":"1a1c01bbd47fc00a2c39e90264f33305004495a9","hash":"ca4c99dfda20cc299bf3b36d286912d7660e1850"}
,"C:\\Users\\Father Fakir\\Desktop\\Textbooks\\SD\\LucsProj\\Lucs-Project\\Back-end\\routes\\grievances.js": {"path":"C:\\Users\\Father Fakir\\Desktop\\Textbooks\\SD\\LucsProj\\Lucs-Project\\Back-end\\routes\\grievances.js","statementMap":{"0":{"start":{"line":1,"column":16},"end":{"line":1,"column":34}},"1":{"start":{"line":2,"column":15},"end":{"line":2,"column":31}},"2":{"start":{"line":3,"column":46},"end":{"line":3,"column":66}},"3":{"start":{"line":10,"column":0},"end":{"line":18,"column":3}},"4":{"start":{"line":11,"column":4},"end":{"line":17,"column":5}},"5":{"start":{"line":12,"column":27},"end":{"line":12,"column":52}},"6":{"start":{"line":13,"column":8},"end":{"line":13,"column":29}},"7":{"start":{"line":15,"column":8},"end":{"line":15,"column":27}},"8":{"start":{"line":16,"column":8},"end":{"line":16,"column":53}},"9":{"start":{"line":21,"column":0},"end":{"line":31,"column":3}},"10":{"start":{"line":22,"column":4},"end":{"line":30,"column":5}},"11":{"start":{"line":23,"column":27},"end":{"line":25,"column":10}},"12":{"start":{"line":26,"column":8},"end":{"line":26,"column":29}},"13":{"start":{"line":28,"column":8},"end":{"line":28,"column":27}},"14":{"start":{"line":29,"column":8},"end":{"line":29,"column":53}},"15":{"start":{"line":34,"column":0},"end":{"line":44,"column":3}},"16":{"start":{"line":35,"column":4},"end":{"line":43,"column":5}},"17":{"start":{"line":36,"column":27},"end":{"line":38,"column":10}},"18":{"start":{"line":39,"column":8},"end":{"line":39,"column":29}},"19":{"start":{"line":41,"column":8},"end":{"line":41,"column":27}},"20":{"start":{"line":42,"column":8},"end":{"line":42,"column":53}},"21":{"start":{"line":47,"column":0},"end":{"line":58,"column":3}},"22":{"start":{"line":48,"column":4},"end":{"line":57,"column":5}},"23":{"start":{"line":49,"column":26},"end":{"line":49,"column":65}},"24":{"start":{"line":50,"column":8},"end":{"line":52,"column":9}},"25":{"start":{"line":51,"column":12},"end":{"line":51,"column":76}},"26":{"start":{"line":53,"column":8},"end":{"line":53,"column":28}},"27":{"start":{"line":55,"column":8},"end":{"line":55,"column":27}},"28":{"start":{"line":56,"column":8},"end":{"line":56,"column":53}},"29":{"start":{"line":65,"column":0},"end":{"line":74,"column":3}},"30":{"start":{"line":66,"column":4},"end":{"line":73,"column":5}},"31":{"start":{"line":68,"column":29},"end":{"line":68,"column":61}},"32":{"start":{"line":69,"column":8},"end":{"line":69,"column":104}},"33":{"start":{"line":71,"column":8},"end":{"line":71,"column":27}},"34":{"start":{"line":72,"column":8},"end":{"line":72,"column":53}},"35":{"start":{"line":77,"column":0},"end":{"line":92,"column":3}},"36":{"start":{"line":78,"column":4},"end":{"line":91,"column":5}},"37":{"start":{"line":79,"column":30},"end":{"line":82,"column":9}},"38":{"start":{"line":84,"column":8},"end":{"line":86,"column":9}},"39":{"start":{"line":85,"column":12},"end":{"line":85,"column":76}},"40":{"start":{"line":87,"column":8},"end":{"line":87,"column":87}},"41":{"start":{"line":89,"column":8},"end":{"line":89,"column":27}},"42":{"start":{"line":90,"column":8},"end":{"line":90,"column":53}},"43":{"start":{"line":95,"column":0},"end":{"line":106,"column":3}},"44":{"start":{"line":96,"column":4},"end":{"line":105,"column":5}},"45":{"start":{"line":97,"column":24},"end":{"line":97,"column":90}},"46":{"start":{"line":98,"column":8},"end":{"line":100,"column":9}},"47":{"start":{"line":99,"column":12},"end":{"line":99,"column":76}},"48":{"start":{"line":101,"column":8},"end":{"line":101,"column":76}},"49":{"start":{"line":103,"column":8},"end":{"line":103,"column":27}},"50":{"start":{"line":104,"column":8},"end":{"line":104,"column":53}},"51":{"start":{"line":108,"column":0},"end":{"line":108,"column":24}}},"fnMap":{"0":{"name":"(anonymous_0)","decl":{"start":{"line":10,"column":16},"end":{"line":10,"column":17}},"loc":{"start":{"line":10,"column":36},"end":{"line":18,"column":1}},"line":10},"1":{"name":"(anonymous_1)","decl":{"start":{"line":21,"column":36},"end":{"line":21,"column":37}},"loc":{"start":{"line":21,"column":56},"end":{"line":31,"column":1}},"line":21},"2":{"name":"(anonymous_2)","decl":{"start":{"line":34,"column":41},"end":{"line":34,"column":42}},"loc":{"start":{"line":34,"column":61},"end":{"line":44,"column":1}},"line":34},"3":{"name":"(anonymous_3)","decl":{"start":{"line":47,"column":19},"end":{"line":47,"column":20}},"loc":{"start":{"line":47,"column":39},"end":{"line":58,"column":1}},"line":47},"4":{"name":"(anonymous_4)","decl":{"start":{"line":65,"column":17},"end":{"line":65,"column":18}},"loc":{"start":{"line":65,"column":37},"end":{"line":74,"column":1}},"line":65},"5":{"name":"(anonymous_5)","decl":{"start":{"line":77,"column":27},"end":{"line":77,"column":28}},"loc":{"start":{"line":77,"column":47},"end":{"line":92,"column":1}},"line":77},"6":{"name":"(anonymous_6)","decl":{"start":{"line":95,"column":22},"end":{"line":95,"column":23}},"loc":{"start":{"line":95,"column":42},"end":{"line":106,"column":1}},"line":95}},"branchMap":{"0":{"loc":{"start":{"line":50,"column":8},"end":{"line":52,"column":9}},"type":"if","locations":[{"start":{"line":50,"column":8},"end":{"line":52,"column":9}},{"start":{},"end":{}}],"line":50},"1":{"loc":{"start":{"line":84,"column":8},"end":{"line":86,"column":9}},"type":"if","locations":[{"start":{"line":84,"column":8},"end":{"line":86,"column":9}},{"start":{},"end":{}}],"line":84},"2":{"loc":{"start":{"line":98,"column":8},"end":{"line":100,"column":9}},"type":"if","locations":[{"start":{"line":98,"column":8},"end":{"line":100,"column":9}},{"start":{},"end":{}}],"line":98}},"s":{"0":1,"1":1,"2":1,"3":1,"4":2,"5":2,"6":1,"7":1,"8":1,"9":1,"10":1,"11":1,"12":1,"13":0,"14":0,"15":1,"16":0,"17":0,"18":0,"19":0,"20":0,"21":1,"22":2,"23":2,"24":2,"25":1,"26":1,"27":0,"28":0,"29":1,"30":2,"31":2,"32":1,"33":1,"34":1,"35":1,"36":2,"37":2,"38":2,"39":1,"40":1,"41":0,"42":0,"43":1,"44":2,"45":2,"46":2,"47":1,"48":1,"49":0,"50":0,"51":1},"f":{"0":2,"1":1,"2":0,"3":2,"4":2,"5":2,"6":2},"b":{"0":[1,1],"1":[1,1],"2":[1,1]},"_coverageSchema":"1a1c01bbd47fc00a2c39e90264f33305004495a9","hash":"64b280cec7914577f81bfcc9300c0a69d694bae6"}
,"C:\\Users\\Father Fakir\\Desktop\\Textbooks\\SD\\LucsProj\\Lucs-Project\\Back-end\\routes\\notifications.js": {"path":"C:\\Users\\Father Fakir\\Desktop\\Textbooks\\SD\\LucsProj\\Lucs-Project\\Back-end\\routes\\notifications.js","statementMap":{"0":{"start":{"line":1,"column":16},"end":{"line":1,"column":34}},"1":{"start":{"line":2,"column":15},"end":{"line":2,"column":31}},"2":{"start":{"line":3,"column":25},"end":{"line":3,"column":45}},"3":{"start":{"line":8,"column":0},"end":{"line":17,"column":3}},"4":{"start":{"line":9,"column":4},"end":{"line":16,"column":5}},"5":{"start":{"line":10,"column":22},"end":{"line":12,"column":10}},"6":{"start":{"line":13,"column":8},"end":{"line":13,"column":28}},"7":{"start":{"line":15,"column":8},"end":{"line":15,"column":53}},"8":{"start":{"line":20,"column":0},"end":{"line":30,"column":3}},"9":{"start":{"line":21,"column":4},"end":{"line":29,"column":5}},"10":{"start":{"line":22,"column":8},"end":{"line":25,"column":10}},"11":{"start":{"line":26,"column":8},"end":{"line":26,"column":36}},"12":{"start":{"line":28,"column":8},"end":{"line":28,"column":53}},"13":{"start":{"line":33,"column":0},"end":{"line":42,"column":3}},"14":{"start":{"line":34,"column":4},"end":{"line":41,"column":5}},"15":{"start":{"line":35,"column":8},"end":{"line":37,"column":11}},"16":{"start":{"line":38,"column":8},"end":{"line":38,"column":36}},"17":{"start":{"line":40,"column":8},"end":{"line":40,"column":53}},"18":{"start":{"line":47,"column":0},"end":{"line":58,"column":3}},"19":{"start":{"line":48,"column":4},"end":{"line":57,"column":5}},"20":{"start":{"line":49,"column":30},"end":{"line":53,"column":10}},"21":{"start":{"line":54,"column":8},"end":{"line":54,"column":32}},"22":{"start":{"line":56,"column":8},"end":{"line":56,"column":53}},"23":{"start":{"line":61,"column":0},"end":{"line":71,"column":3}},"24":{"start":{"line":62,"column":4},"end":{"line":70,"column":5}},"25":{"start":{"line":63,"column":8},"end":{"line":66,"column":10}},"26":{"start":{"line":67,"column":8},"end":{"line":67,"column":36}},"27":{"start":{"line":69,"column":8},"end":{"line":69,"column":53}},"28":{"start":{"line":74,"column":0},"end":{"line":84,"column":3}},"29":{"start":{"line":75,"column":4},"end":{"line":83,"column":5}},"30":{"start":{"line":76,"column":24},"end":{"line":78,"column":10}},"31":{"start":{"line":79,"column":8},"end":{"line":79,"column":94}},"32":{"start":{"line":79,"column":27},"end":{"line":79,"column":94}},"33":{"start":{"line":80,"column":8},"end":{"line":80,"column":36}},"34":{"start":{"line":82,"column":8},"end":{"line":82,"column":53}},"35":{"start":{"line":87,"column":0},"end":{"line":95,"column":3}},"36":{"start":{"line":88,"column":4},"end":{"line":94,"column":5}},"37":{"start":{"line":89,"column":64},"end":{"line":89,"column":72}},"38":{"start":{"line":90,"column":22},"end":{"line":90,"column":96}},"39":{"start":{"line":91,"column":8},"end":{"line":91,"column":36}},"40":{"start":{"line":93,"column":8},"end":{"line":93,"column":53}},"41":{"start":{"line":99,"column":4},"end":{"line":109,"column":5}},"42":{"start":{"line":100,"column":8},"end":{"line":106,"column":11}},"43":{"start":{"line":108,"column":8},"end":{"line":108,"column":71}},"44":{"start":{"line":112,"column":0},"end":{"line":112,"column":24}},"45":{"start":{"line":113,"column":0},"end":{"line":113,"column":55}}},"fnMap":{"0":{"name":"(anonymous_0)","decl":{"start":{"line":8,"column":41},"end":{"line":8,"column":42}},"loc":{"start":{"line":8,"column":61},"end":{"line":17,"column":1}},"line":8},"1":{"name":"(anonymous_1)","decl":{"start":{"line":20,"column":37},"end":{"line":20,"column":38}},"loc":{"start":{"line":20,"column":57},"end":{"line":30,"column":1}},"line":20},"2":{"name":"(anonymous_2)","decl":{"start":{"line":33,"column":41},"end":{"line":33,"column":42}},"loc":{"start":{"line":33,"column":61},"end":{"line":42,"column":1}},"line":33},"3":{"name":"(anonymous_3)","decl":{"start":{"line":47,"column":28},"end":{"line":47,"column":29}},"loc":{"start":{"line":47,"column":48},"end":{"line":58,"column":1}},"line":47},"4":{"name":"(anonymous_4)","decl":{"start":{"line":61,"column":36},"end":{"line":61,"column":37}},"loc":{"start":{"line":61,"column":56},"end":{"line":71,"column":1}},"line":61},"5":{"name":"(anonymous_5)","decl":{"start":{"line":74,"column":34},"end":{"line":74,"column":35}},"loc":{"start":{"line":74,"column":54},"end":{"line":84,"column":1}},"line":74},"6":{"name":"(anonymous_6)","decl":{"start":{"line":87,"column":17},"end":{"line":87,"column":18}},"loc":{"start":{"line":87,"column":37},"end":{"line":95,"column":1}},"line":87},"7":{"name":"createNotification","decl":{"start":{"line":98,"column":15},"end":{"line":98,"column":33}},"loc":{"start":{"line":98,"column":86},"end":{"line":110,"column":1}},"line":98}},"branchMap":{"0":{"loc":{"start":{"line":79,"column":8},"end":{"line":79,"column":94}},"type":"if","locations":[{"start":{"line":79,"column":8},"end":{"line":79,"column":94}},{"start":{},"end":{}}],"line":79},"1":{"loc":{"start":{"line":98,"column":69},"end":{"line":98,"column":84}},"type":"default-arg","locations":[{"start":{"line":98,"column":80},"end":{"line":98,"column":84}}],"line":98}},"s":{"0":1,"1":1,"2":1,"3":1,"4":3,"5":3,"6":2,"7":1,"8":1,"9":2,"10":2,"11":1,"12":1,"13":1,"14":3,"15":3,"16":2,"17":1,"18":1,"19":4,"20":4,"21":3,"22":1,"23":1,"24":2,"25":2,"26":1,"27":1,"28":1,"29":3,"30":3,"31":2,"32":1,"33":1,"34":1,"35":1,"36":3,"37":3,"38":3,"39":2,"40":1,"41":0,"42":0,"43":0,"44":1,"45":1},"f":{"0":3,"1":2,"2":3,"3":4,"4":2,"5":3,"6":3,"7":0},"b":{"0":[1,1],"1":[0]},"_coverageSchema":"1a1c01bbd47fc00a2c39e90264f33305004495a9","hash":"f8e67de3ca5e492209fda6667d762aa05158b1a8"}
,"C:\\Users\\Father Fakir\\Desktop\\Textbooks\\SD\\LucsProj\\Lucs-Project\\Back-end\\routes\\residents.js": {"path":"C:\\Users\\Father Fakir\\Desktop\\Textbooks\\SD\\LucsProj\\Lucs-Project\\Back-end\\routes\\residents.js","statementMap":{"0":{"start":{"line":1,"column":16},"end":{"line":1,"column":34}},"1":{"start":{"line":2,"column":15},"end":{"line":2,"column":31}},"2":{"start":{"line":3,"column":15},"end":{"line":3,"column":35}},"3":{"start":{"line":4,"column":37},"end":{"line":4,"column":57}},"4":{"start":{"line":7,"column":0},"end":{"line":14,"column":3}},"5":{"start":{"line":8,"column":2},"end":{"line":13,"column":3}},"6":{"start":{"line":9,"column":22},"end":{"line":9,"column":46}},"7":{"start":{"line":10,"column":4},"end":{"line":10,"column":24}},"8":{"start":{"line":12,"column":4},"end":{"line":12,"column":49}},"9":{"start":{"line":17,"column":0},"end":{"line":24,"column":3}},"10":{"start":{"line":18,"column":2},"end":{"line":23,"column":3}},"11":{"start":{"line":19,"column":24},"end":{"line":19,"column":55}},"12":{"start":{"line":20,"column":4},"end":{"line":20,"column":38}},"13":{"start":{"line":22,"column":4},"end":{"line":22,"column":49}},"14":{"start":{"line":27,"column":0},"end":{"line":46,"column":3}},"15":{"start":{"line":28,"column":4},"end":{"line":45,"column":5}},"16":{"start":{"line":29,"column":30},"end":{"line":41,"column":10}},"17":{"start":{"line":42,"column":8},"end":{"line":42,"column":32}},"18":{"start":{"line":44,"column":8},"end":{"line":44,"column":53}},"19":{"start":{"line":49,"column":0},"end":{"line":69,"column":3}},"20":{"start":{"line":50,"column":4},"end":{"line":68,"column":5}},"21":{"start":{"line":51,"column":55},"end":{"line":51,"column":63}},"22":{"start":{"line":54,"column":8},"end":{"line":56,"column":9}},"23":{"start":{"line":55,"column":12},"end":{"line":55,"column":90}},"24":{"start":{"line":58,"column":32},"end":{"line":62,"column":10}},"25":{"start":{"line":64,"column":8},"end":{"line":64,"column":46}},"26":{"start":{"line":66,"column":8},"end":{"line":66,"column":50}},"27":{"start":{"line":67,"column":8},"end":{"line":67,"column":53}},"28":{"start":{"line":78,"column":0},"end":{"line":100,"column":3}},"29":{"start":{"line":79,"column":4},"end":{"line":99,"column":5}},"30":{"start":{"line":80,"column":55},"end":{"line":80,"column":63}},"31":{"start":{"line":83,"column":24},"end":{"line":89,"column":10}},"32":{"start":{"line":91,"column":8},"end":{"line":95,"column":9}},"33":{"start":{"line":92,"column":12},"end":{"line":92,"column":76}},"34":{"start":{"line":94,"column":12},"end":{"line":94,"column":71}},"35":{"start":{"line":97,"column":8},"end":{"line":97,"column":49}},"36":{"start":{"line":98,"column":8},"end":{"line":98,"column":53}},"37":{"start":{"line":103,"column":0},"end":{"line":116,"column":3}},"38":{"start":{"line":104,"column":4},"end":{"line":115,"column":5}},"39":{"start":{"line":105,"column":25},"end":{"line":107,"column":10}},"40":{"start":{"line":108,"column":8},"end":{"line":108,"column":86}},"41":{"start":{"line":108,"column":23},"end":{"line":108,"column":86}},"42":{"start":{"line":110,"column":21},"end":{"line":110,"column":38}},"43":{"start":{"line":112,"column":8},"end":{"line":112,"column":23}},"44":{"start":{"line":114,"column":8},"end":{"line":114,"column":53}},"45":{"start":{"line":119,"column":0},"end":{"line":142,"column":3}},"46":{"start":{"line":120,"column":4},"end":{"line":141,"column":5}},"47":{"start":{"line":121,"column":69},"end":{"line":121,"column":77}},"48":{"start":{"line":123,"column":27},"end":{"line":123,"column":56}},"49":{"start":{"line":125,"column":8},"end":{"line":125,"column":44}},"50":{"start":{"line":125,"column":19},"end":{"line":125,"column":44}},"51":{"start":{"line":127,"column":8},"end":{"line":130,"column":9}},"52":{"start":{"line":129,"column":12},"end":{"line":129,"column":55}},"53":{"start":{"line":132,"column":26},"end":{"line":134,"column":10}},"54":{"start":{"line":136,"column":8},"end":{"line":136,"column":90}},"55":{"start":{"line":136,"column":27},"end":{"line":136,"column":90}},"56":{"start":{"line":137,"column":8},"end":{"line":137,"column":77}},"57":{"start":{"line":139,"column":8},"end":{"line":139,"column":52}},"58":{"start":{"line":140,"column":8},"end":{"line":140,"column":53}},"59":{"start":{"line":144,"column":0},"end":{"line":144,"column":24}}},"fnMap":{"0":{"name":"(anonymous_0)","decl":{"start":{"line":7,"column":16},"end":{"line":7,"column":17}},"loc":{"start":{"line":7,"column":36},"end":{"line":14,"column":1}},"line":7},"1":{"name":"(anonymous_1)","decl":{"start":{"line":17,"column":17},"end":{"line":17,"column":18}},"loc":{"start":{"line":17,"column":37},"end":{"line":24,"column":1}},"line":17},"2":{"name":"(anonymous_2)","decl":{"start":{"line":27,"column":33},"end":{"line":27,"column":34}},"loc":{"start":{"line":27,"column":53},"end":{"line":46,"column":1}},"line":27},"3":{"name":"(anonymous_3)","decl":{"start":{"line":49,"column":26},"end":{"line":49,"column":27}},"loc":{"start":{"line":49,"column":46},"end":{"line":69,"column":1}},"line":49},"4":{"name":"(anonymous_4)","decl":{"start":{"line":78,"column":30},"end":{"line":78,"column":31}},"loc":{"start":{"line":78,"column":50},"end":{"line":100,"column":1}},"line":78},"5":{"name":"(anonymous_5)","decl":{"start":{"line":103,"column":27},"end":{"line":103,"column":28}},"loc":{"start":{"line":103,"column":47},"end":{"line":116,"column":1}},"line":103},"6":{"name":"(anonymous_6)","decl":{"start":{"line":119,"column":27},"end":{"line":119,"column":28}},"loc":{"start":{"line":119,"column":47},"end":{"line":142,"column":1}},"line":119}},"branchMap":{"0":{"loc":{"start":{"line":54,"column":8},"end":{"line":56,"column":9}},"type":"if","locations":[{"start":{"line":54,"column":8},"end":{"line":56,"column":9}},{"start":{},"end":{}}],"line":54},"1":{"loc":{"start":{"line":54,"column":12},"end":{"line":54,"column":53}},"type":"binary-expr","locations":[{"start":{"line":54,"column":12},"end":{"line":54,"column":23}},{"start":{"line":54,"column":27},"end":{"line":54,"column":34}},{"start":{"line":54,"column":38},"end":{"line":54,"column":53}}],"line":54},"2":{"loc":{"start":{"line":91,"column":8},"end":{"line":95,"column":9}},"type":"if","locations":[{"start":{"line":91,"column":8},"end":{"line":95,"column":9}},{"start":{"line":93,"column":15},"end":{"line":95,"column":9}}],"line":91},"3":{"loc":{"start":{"line":108,"column":8},"end":{"line":108,"column":86}},"type":"if","locations":[{"start":{"line":108,"column":8},"end":{"line":108,"column":86}},{"start":{},"end":{}}],"line":108},"4":{"loc":{"start":{"line":125,"column":8},"end":{"line":125,"column":44}},"type":"if","locations":[{"start":{"line":125,"column":8},"end":{"line":125,"column":44}},{"start":{},"end":{}}],"line":125},"5":{"loc":{"start":{"line":127,"column":8},"end":{"line":130,"column":9}},"type":"if","locations":[{"start":{"line":127,"column":8},"end":{"line":130,"column":9}},{"start":{},"end":{}}],"line":127},"6":{"loc":{"start":{"line":127,"column":12},"end":{"line":127,"column":69}},"type":"binary-expr","locations":[{"start":{"line":127,"column":12},"end":{"line":127,"column":26}},{"start":{"line":127,"column":30},"end":{"line":127,"column":69}}],"line":127},"7":{"loc":{"start":{"line":136,"column":8},"end":{"line":136,"column":90}},"type":"if","locations":[{"start":{"line":136,"column":8},"end":{"line":136,"column":90}},{"start":{},"end":{}}],"line":136}},"s":{"0":1,"1":1,"2":1,"3":1,"4":1,"5":2,"6":2,"7":1,"8":1,"9":1,"10":2,"11":2,"12":1,"13":1,"14":1,"15":3,"16":3,"17":2,"18":1,"19":1,"20":5,"21":5,"22":5,"23":3,"24":2,"25":1,"26":1,"27":1,"28":1,"29":3,"30":3,"31":3,"32":2,"33":1,"34":1,"35":1,"36":1,"37":1,"38":3,"39":3,"40":2,"41":1,"42":1,"43":1,"44":1,"45":1,"46":4,"47":4,"48":4,"49":4,"50":1,"51":4,"52":1,"53":4,"54":3,"55":1,"56":2,"57":1,"58":1,"59":1},"f":{"0":2,"1":2,"2":3,"3":5,"4":3,"5":3,"6":4},"b":{"0":[3,2],"1":[5,4,3],"2":[1,1],"3":[1,1],"4":[1,3],"5":[1,3],"6":[4,1],"7":[1,2]},"_coverageSchema":"1a1c01bbd47fc00a2c39e90264f33305004495a9","hash":"1dff12156ece14af9deb212e20d275603f5ca0f8"}
,"C:\\Users\\Father Fakir\\Desktop\\Textbooks\\SD\\LucsProj\\Lucs-Project\\Back-end\\routes\\workers.js": {"path":"C:\\Users\\Father Fakir\\Desktop\\Textbooks\\SD\\LucsProj\\Lucs-Project\\Back-end\\routes\\workers.js","statementMap":{"0":{"start":{"line":1,"column":16},"end":{"line":1,"column":34}},"1":{"start":{"line":2,"column":15},"end":{"line":2,"column":31}},"2":{"start":{"line":3,"column":26},"end":{"line":3,"column":46}},"3":{"start":{"line":7,"column":0},"end":{"line":17,"column":3}},"4":{"start":{"line":8,"column":4},"end":{"line":16,"column":5}},"5":{"start":{"line":9,"column":24},"end":{"line":11,"column":10}},"6":{"start":{"line":12,"column":8},"end":{"line":12,"column":26}},"7":{"start":{"line":14,"column":8},"end":{"line":14,"column":62}},"8":{"start":{"line":15,"column":8},"end":{"line":15,"column":53}},"9":{"start":{"line":20,"column":0},"end":{"line":30,"column":3}},"10":{"start":{"line":21,"column":4},"end":{"line":29,"column":5}},"11":{"start":{"line":22,"column":23},"end":{"line":24,"column":10}},"12":{"start":{"line":25,"column":8},"end":{"line":25,"column":25}},"13":{"start":{"line":27,"column":8},"end":{"line":27,"column":61}},"14":{"start":{"line":28,"column":8},"end":{"line":28,"column":53}},"15":{"start":{"line":33,"column":0},"end":{"line":51,"column":3}},"16":{"start":{"line":34,"column":27},"end":{"line":34,"column":37}},"17":{"start":{"line":35,"column":27},"end":{"line":35,"column":35}},"18":{"start":{"line":37,"column":4},"end":{"line":39,"column":5}},"19":{"start":{"line":38,"column":8},"end":{"line":38,"column":87}},"20":{"start":{"line":41,"column":4},"end":{"line":50,"column":5}},"21":{"start":{"line":42,"column":26},"end":{"line":45,"column":9}},"22":{"start":{"line":46,"column":8},"end":{"line":46,"column":89}},"23":{"start":{"line":46,"column":27},"end":{"line":46,"column":89}},"24":{"start":{"line":47,"column":8},"end":{"line":47,"column":78}},"25":{"start":{"line":49,"column":8},"end":{"line":49,"column":53}},"26":{"start":{"line":55,"column":0},"end":{"line":73,"column":3}},"27":{"start":{"line":56,"column":4},"end":{"line":72,"column":5}},"28":{"start":{"line":57,"column":31},"end":{"line":57,"column":41}},"29":{"start":{"line":59,"column":26},"end":{"line":62,"column":9}},"30":{"start":{"line":64,"column":8},"end":{"line":66,"column":9}},"31":{"start":{"line":65,"column":12},"end":{"line":65,"column":95}},"32":{"start":{"line":68,"column":8},"end":{"line":68,"column":91}},"33":{"start":{"line":70,"column":8},"end":{"line":70,"column":48}},"34":{"start":{"line":71,"column":8},"end":{"line":71,"column":53}},"35":{"start":{"line":75,"column":0},"end":{"line":84,"column":3}},"36":{"start":{"line":76,"column":4},"end":{"line":83,"column":5}},"37":{"start":{"line":77,"column":22},"end":{"line":77,"column":53}},"38":{"start":{"line":78,"column":8},"end":{"line":78,"column":26}},"39":{"start":{"line":81,"column":8},"end":{"line":81,"column":27}},"40":{"start":{"line":82,"column":8},"end":{"line":82,"column":50}},"41":{"start":{"line":87,"column":0},"end":{"line":95,"column":3}},"42":{"start":{"line":88,"column":4},"end":{"line":94,"column":5}},"43":{"start":{"line":89,"column":26},"end":{"line":89,"column":64}},"44":{"start":{"line":90,"column":8},"end":{"line":90,"column":40}},"45":{"start":{"line":92,"column":8},"end":{"line":92,"column":27}},"46":{"start":{"line":93,"column":8},"end":{"line":93,"column":50}},"47":{"start":{"line":98,"column":0},"end":{"line":109,"column":3}},"48":{"start":{"line":99,"column":4},"end":{"line":108,"column":5}},"49":{"start":{"line":100,"column":21},"end":{"line":100,"column":66}},"50":{"start":{"line":101,"column":8},"end":{"line":103,"column":9}},"51":{"start":{"line":102,"column":12},"end":{"line":102,"column":70}},"52":{"start":{"line":104,"column":8},"end":{"line":104,"column":25}},"53":{"start":{"line":106,"column":8},"end":{"line":106,"column":27}},"54":{"start":{"line":107,"column":8},"end":{"line":107,"column":50}},"55":{"start":{"line":112,"column":0},"end":{"line":123,"column":3}},"56":{"start":{"line":113,"column":4},"end":{"line":122,"column":5}},"57":{"start":{"line":114,"column":22},"end":{"line":114,"column":87}},"58":{"start":{"line":115,"column":8},"end":{"line":117,"column":9}},"59":{"start":{"line":116,"column":12},"end":{"line":116,"column":70}},"60":{"start":{"line":118,"column":8},"end":{"line":118,"column":70}},"61":{"start":{"line":120,"column":8},"end":{"line":120,"column":27}},"62":{"start":{"line":121,"column":8},"end":{"line":121,"column":50}},"63":{"start":{"line":126,"column":0},"end":{"line":145,"column":3}},"64":{"start":{"line":127,"column":4},"end":{"line":144,"column":5}},"65":{"start":{"line":129,"column":23},"end":{"line":129,"column":54}},"66":{"start":{"line":131,"column":8},"end":{"line":131,"column":82}},"67":{"start":{"line":131,"column":21},"end":{"line":131,"column":82}},"68":{"start":{"line":134,"column":8},"end":{"line":136,"column":9}},"69":{"start":{"line":135,"column":12},"end":{"line":135,"column":68}},"70":{"start":{"line":137,"column":8},"end":{"line":139,"column":9}},"71":{"start":{"line":138,"column":12},"end":{"line":138,"column":75}},"72":{"start":{"line":141,"column":8},"end":{"line":141,"column":63}},"73":{"start":{"line":143,"column":8},"end":{"line":143,"column":53}},"74":{"start":{"line":149,"column":4},"end":{"line":165,"column":5}},"75":{"start":{"line":150,"column":25},"end":{"line":157,"column":10}},"76":{"start":{"line":159,"column":8},"end":{"line":162,"column":9}},"77":{"start":{"line":160,"column":12},"end":{"line":160,"column":56}},"78":{"start":{"line":164,"column":8},"end":{"line":164,"column":57}},"79":{"start":{"line":170,"column":4},"end":{"line":170,"column":62}},"80":{"start":{"line":170,"column":55},"end":{"line":170,"column":62}},"81":{"start":{"line":172,"column":4},"end":{"line":189,"column":5}},"82":{"start":{"line":173,"column":25},"end":{"line":181,"column":10}},"83":{"start":{"line":183,"column":8},"end":{"line":186,"column":9}},"84":{"start":{"line":184,"column":12},"end":{"line":184,"column":45}},"85":{"start":{"line":185,"column":12},"end":{"line":185,"column":30}},"86":{"start":{"line":188,"column":8},"end":{"line":188,"column":52}},"87":{"start":{"line":193,"column":0},"end":{"line":209,"column":3}},"88":{"start":{"line":194,"column":4},"end":{"line":208,"column":5}},"89":{"start":{"line":195,"column":23},"end":{"line":197,"column":10}},"90":{"start":{"line":198,"column":8},"end":{"line":198,"column":82}},"91":{"start":{"line":198,"column":21},"end":{"line":198,"column":82}},"92":{"start":{"line":200,"column":21},"end":{"line":200,"column":36}},"93":{"start":{"line":202,"column":8},"end":{"line":204,"column":9}},"94":{"start":{"line":203,"column":12},"end":{"line":203,"column":114}},"95":{"start":{"line":205,"column":8},"end":{"line":205,"column":23}},"96":{"start":{"line":207,"column":8},"end":{"line":207,"column":53}},"97":{"start":{"line":212,"column":0},"end":{"line":232,"column":3}},"98":{"start":{"line":213,"column":4},"end":{"line":231,"column":5}},"99":{"start":{"line":214,"column":69},"end":{"line":214,"column":77}},"100":{"start":{"line":215,"column":27},"end":{"line":215,"column":63}},"101":{"start":{"line":218,"column":8},"end":{"line":221,"column":9}},"102":{"start":{"line":219,"column":31},"end":{"line":219,"column":59}},"103":{"start":{"line":220,"column":12},"end":{"line":220,"column":74}},"104":{"start":{"line":223,"column":26},"end":{"line":225,"column":10}},"105":{"start":{"line":227,"column":8},"end":{"line":227,"column":88}},"106":{"start":{"line":227,"column":27},"end":{"line":227,"column":88}},"107":{"start":{"line":228,"column":8},"end":{"line":228,"column":77}},"108":{"start":{"line":230,"column":8},"end":{"line":230,"column":53}},"109":{"start":{"line":234,"column":0},"end":{"line":234,"column":22}}},"fnMap":{"0":{"name":"(anonymous_0)","decl":{"start":{"line":7,"column":23},"end":{"line":7,"column":24}},"loc":{"start":{"line":7,"column":43},"end":{"line":17,"column":1}},"line":7},"1":{"name":"(anonymous_1)","decl":{"start":{"line":20,"column":22},"end":{"line":20,"column":23}},"loc":{"start":{"line":20,"column":42},"end":{"line":30,"column":1}},"line":20},"2":{"name":"(anonymous_2)","decl":{"start":{"line":33,"column":38},"end":{"line":33,"column":39}},"loc":{"start":{"line":33,"column":58},"end":{"line":51,"column":1}},"line":33},"3":{"name":"(anonymous_3)","decl":{"start":{"line":55,"column":36},"end":{"line":55,"column":37}},"loc":{"start":{"line":55,"column":56},"end":{"line":73,"column":1}},"line":55},"4":{"name":"(anonymous_4)","decl":{"start":{"line":75,"column":16},"end":{"line":75,"column":17}},"loc":{"start":{"line":75,"column":36},"end":{"line":84,"column":1}},"line":75},"5":{"name":"(anonymous_5)","decl":{"start":{"line":87,"column":17},"end":{"line":87,"column":18}},"loc":{"start":{"line":87,"column":37},"end":{"line":95,"column":1}},"line":87},"6":{"name":"(anonymous_6)","decl":{"start":{"line":98,"column":18},"end":{"line":98,"column":19}},"loc":{"start":{"line":98,"column":35},"end":{"line":109,"column":1}},"line":98},"7":{"name":"(anonymous_7)","decl":{"start":{"line":112,"column":22},"end":{"line":112,"column":23}},"loc":{"start":{"line":112,"column":42},"end":{"line":123,"column":1}},"line":112},"8":{"name":"(anonymous_8)","decl":{"start":{"line":126,"column":22},"end":{"line":126,"column":23}},"loc":{"start":{"line":126,"column":42},"end":{"line":145,"column":1}},"line":126},"9":{"name":"updateProgress","decl":{"start":{"line":148,"column":15},"end":{"line":148,"column":29}},"loc":{"start":{"line":148,"column":52},"end":{"line":166,"column":1}},"line":148},"10":{"name":"resolveTask","decl":{"start":{"line":169,"column":15},"end":{"line":169,"column":26}},"loc":{"start":{"line":169,"column":37},"end":{"line":190,"column":1}},"line":169},"11":{"name":"(anonymous_11)","decl":{"start":{"line":193,"column":27},"end":{"line":193,"column":28}},"loc":{"start":{"line":193,"column":47},"end":{"line":209,"column":1}},"line":193},"12":{"name":"(anonymous_12)","decl":{"start":{"line":212,"column":27},"end":{"line":212,"column":28}},"loc":{"start":{"line":212,"column":47},"end":{"line":232,"column":1}},"line":212}},"branchMap":{"0":{"loc":{"start":{"line":37,"column":4},"end":{"line":39,"column":5}},"type":"if","locations":[{"start":{"line":37,"column":4},"end":{"line":39,"column":5}},{"start":{},"end":{}}],"line":37},"1":{"loc":{"start":{"line":46,"column":8},"end":{"line":46,"column":89}},"type":"if","locations":[{"start":{"line":46,"column":8},"end":{"line":46,"column":89}},{"start":{},"end":{}}],"line":46},"2":{"loc":{"start":{"line":64,"column":8},"end":{"line":66,"column":9}},"type":"if","locations":[{"start":{"line":64,"column":8},"end":{"line":66,"column":9}},{"start":{},"end":{}}],"line":64},"3":{"loc":{"start":{"line":101,"column":8},"end":{"line":103,"column":9}},"type":"if","locations":[{"start":{"line":101,"column":8},"end":{"line":103,"column":9}},{"start":{},"end":{}}],"line":101},"4":{"loc":{"start":{"line":115,"column":8},"end":{"line":117,"column":9}},"type":"if","locations":[{"start":{"line":115,"column":8},"end":{"line":117,"column":9}},{"start":{},"end":{}}],"line":115},"5":{"loc":{"start":{"line":131,"column":8},"end":{"line":131,"column":82}},"type":"if","locations":[{"start":{"line":131,"column":8},"end":{"line":131,"column":82}},{"start":{},"end":{}}],"line":131},"6":{"loc":{"start":{"line":134,"column":8},"end":{"line":136,"column":9}},"type":"if","locations":[{"start":{"line":134,"column":8},"end":{"line":136,"column":9}},{"start":{},"end":{}}],"line":134},"7":{"loc":{"start":{"line":137,"column":8},"end":{"line":139,"column":9}},"type":"if","locations":[{"start":{"line":137,"column":8},"end":{"line":139,"column":9}},{"start":{},"end":{}}],"line":137},"8":{"loc":{"start":{"line":159,"column":8},"end":{"line":162,"column":9}},"type":"if","locations":[{"start":{"line":159,"column":8},"end":{"line":162,"column":9}},{"start":{},"end":{}}],"line":159},"9":{"loc":{"start":{"line":170,"column":4},"end":{"line":170,"column":62}},"type":"if","locations":[{"start":{"line":170,"column":4},"end":{"line":170,"column":62}},{"start":{},"end":{}}],"line":170},"10":{"loc":{"start":{"line":183,"column":8},"end":{"line":186,"column":9}},"type":"if","locations":[{"start":{"line":183,"column":8},"end":{"line":186,"column":9}},{"start":{},"end":{}}],"line":183},"11":{"loc":{"start":{"line":198,"column":8},"end":{"line":198,"column":82}},"type":"if","locations":[{"start":{"line":198,"column":8},"end":{"line":198,"column":82}},{"start":{},"end":{}}],"line":198},"12":{"loc":{"start":{"line":202,"column":8},"end":{"line":204,"column":9}},"type":"if","locations":[{"start":{"line":202,"column":8},"end":{"line":204,"column":9}},{"start":{},"end":{}}],"line":202},"13":{"loc":{"start":{"line":218,"column":8},"end":{"line":221,"column":9}},"type":"if","locations":[{"start":{"line":218,"column":8},"end":{"line":221,"column":9}},{"start":{},"end":{}}],"line":218},"14":{"loc":{"start":{"line":218,"column":12},"end":{"line":218,"column":69}},"type":"binary-expr","locations":[{"start":{"line":218,"column":12},"end":{"line":218,"column":26}},{"start":{"line":218,"column":30},"end":{"line":218,"column":69}}],"line":218},"15":{"loc":{"start":{"line":227,"column":8},"end":{"line":227,"column":88}},"type":"if","locations":[{"start":{"line":227,"column":8},"end":{"line":227,"column":88}},{"start":{},"end":{}}],"line":227}},"s":{"0":1,"1":1,"2":1,"3":1,"4":0,"5":0,"6":0,"7":0,"8":0,"9":1,"10":1,"11":1,"12":1,"13":0,"14":0,"15":1,"16":5,"17":5,"18":5,"19":1,"20":4,"21":4,"22":3,"23":2,"24":1,"25":1,"26":1,"27":2,"28":2,"29":2,"30":1,"31":0,"32":1,"33":1,"34":1,"35":1,"36":1,"37":1,"38":1,"39":0,"40":0,"41":1,"42":2,"43":2,"44":1,"45":1,"46":1,"47":1,"48":2,"49":2,"50":2,"51":1,"52":1,"53":0,"54":0,"55":1,"56":1,"57":1,"58":1,"59":0,"60":1,"61":0,"62":0,"63":1,"64":3,"65":3,"66":3,"67":0,"68":3,"69":1,"70":2,"71":1,"72":1,"73":0,"74":0,"75":0,"76":0,"77":0,"78":0,"79":0,"80":0,"81":0,"82":0,"83":0,"84":0,"85":0,"86":0,"87":1,"88":0,"89":0,"90":0,"91":0,"92":0,"93":0,"94":0,"95":0,"96":0,"97":1,"98":0,"99":0,"100":0,"101":0,"102":0,"103":0,"104":0,"105":0,"106":0,"107":0,"108":0,"109":1},"f":{"0":0,"1":1,"2":5,"3":2,"4":1,"5":2,"6":2,"7":1,"8":3,"9":0,"10":0,"11":0,"12":0},"b":{"0":[1,4],"1":[2,1],"2":[0,1],"3":[1,1],"4":[0,1],"5":[0,3],"6":[1,2],"7":[1,1],"8":[0,0],"9":[0,0],"10":[0,0],"11":[0,0],"12":[0,0],"13":[0,0],"14":[0,0],"15":[0,0]},"_coverageSchema":"1a1c01bbd47fc00a2c39e90264f33305004495a9","hash":"a767c4b5839cb12927bca0b4bdb9760dce407fb4"}
}
