TN:
SF:routes\allocations.js
FN:10,(anonymous_0)
FN:21,(anonymous_1)
FN:35,(anonymous_2)
FN:53,(anonymous_3)
FN:65,(anonymous_4)
FNF:5
FNH:4
FNDA:2,(anonymous_0)
FNDA:1,(anonymous_1)
FNDA:0,(anonymous_2)
FNDA:2,(anonymous_3)
FNDA:2,(anonymous_4)
DA:1,1
DA:2,1
DA:3,1
DA:10,1
DA:11,2
DA:12,2
DA:13,1
DA:15,1
DA:16,1
DA:21,1
DA:22,1
DA:23,1
DA:27,1
DA:29,0
DA:30,0
DA:35,1
DA:36,0
DA:37,0
DA:41,0
DA:43,0
DA:44,0
DA:53,1
DA:54,2
DA:56,2
DA:57,1
DA:59,1
DA:60,1
DA:65,1
DA:66,2
DA:68,2
DA:72,2
DA:73,1
DA:75,1
DA:77,0
DA:78,0
DA:82,1
LF:36
LH:27
BRDA:72,0,0,1
BRDA:72,0,1,1
BRF:2
BRH:2
end_of_record
TN:
SF:routes\grievances.js
FN:10,(anonymous_0)
FN:21,(anonymous_1)
FN:34,(anonymous_2)
FN:47,(anonymous_3)
FN:65,(anonymous_4)
FN:77,(anonymous_5)
FN:95,(anonymous_6)
FNF:7
FNH:6
FNDA:2,(anonymous_0)
FNDA:1,(anonymous_1)
FNDA:0,(anonymous_2)
FNDA:2,(anonymous_3)
FNDA:2,(anonymous_4)
FNDA:2,(anonymous_5)
FNDA:2,(anonymous_6)
DA:1,1
DA:2,1
DA:3,1
DA:10,1
DA:11,2
DA:12,2
DA:13,1
DA:15,1
DA:16,1
DA:21,1
DA:22,1
DA:23,1
DA:26,1
DA:28,0
DA:29,0
DA:34,1
DA:35,0
DA:36,0
DA:39,0
DA:41,0
DA:42,0
DA:47,1
DA:48,2
DA:49,2
DA:50,2
DA:51,1
DA:53,1
DA:55,0
DA:56,0
DA:65,1
DA:66,2
DA:68,2
DA:69,1
DA:71,1
DA:72,1
DA:77,1
DA:78,2
DA:79,2
DA:84,2
DA:85,1
DA:87,1
DA:89,0
DA:90,0
DA:95,1
DA:96,2
DA:97,2
DA:98,2
DA:99,1
DA:101,1
DA:103,0
DA:104,0
DA:108,1
LF:52
LH:39
BRDA:50,0,0,1
BRDA:50,0,1,1
BRDA:84,1,0,1
BRDA:84,1,1,1
BRDA:98,2,0,1
BRDA:98,2,1,1
BRF:6
BRH:6
end_of_record
TN:
SF:routes\notifications.js
FN:8,(anonymous_0)
FN:20,(anonymous_1)
FN:33,(anonymous_2)
FN:47,(anonymous_3)
FN:61,(anonymous_4)
FN:74,(anonymous_5)
FN:87,(anonymous_6)
FN:98,createNotification
FNF:8
FNH:7
FNDA:3,(anonymous_0)
FNDA:2,(anonymous_1)
FNDA:3,(anonymous_2)
FNDA:4,(anonymous_3)
FNDA:2,(anonymous_4)
FNDA:3,(anonymous_5)
FNDA:3,(anonymous_6)
FNDA:0,createNotification
DA:1,1
DA:2,1
DA:3,1
DA:8,1
DA:9,3
DA:10,3
DA:13,2
DA:15,1
DA:20,1
DA:21,2
DA:22,2
DA:26,1
DA:28,1
DA:33,1
DA:34,3
DA:35,3
DA:38,2
DA:40,1
DA:47,1
DA:48,4
DA:49,4
DA:54,3
DA:56,1
DA:61,1
DA:62,2
DA:63,2
DA:67,1
DA:69,1
DA:74,1
DA:75,3
DA:76,3
DA:79,2
DA:80,1
DA:82,1
DA:87,1
DA:88,3
DA:89,3
DA:90,3
DA:91,2
DA:93,1
DA:99,0
DA:100,0
DA:108,0
DA:112,1
DA:113,1
LF:45
LH:42
BRDA:79,0,0,1
BRDA:79,0,1,1
BRDA:98,1,0,0
BRF:3
BRH:2
end_of_record
TN:
SF:routes\residents.js
FN:7,(anonymous_0)
FN:17,(anonymous_1)
FN:27,(anonymous_2)
FN:49,(anonymous_3)
FN:78,(anonymous_4)
FN:103,(anonymous_5)
FN:119,(anonymous_6)
FNF:7
FNH:7
FNDA:2,(anonymous_0)
FNDA:2,(anonymous_1)
FNDA:3,(anonymous_2)
FNDA:5,(anonymous_3)
FNDA:3,(anonymous_4)
FNDA:3,(anonymous_5)
FNDA:4,(anonymous_6)
DA:1,1
DA:2,1
DA:3,1
DA:4,1
DA:7,1
DA:8,2
DA:9,2
DA:10,1
DA:12,1
DA:17,1
DA:18,2
DA:19,2
DA:20,1
DA:22,1
DA:27,1
DA:28,3
DA:29,3
DA:42,2
DA:44,1
DA:49,1
DA:50,5
DA:51,5
DA:54,5
DA:55,3
DA:58,2
DA:64,1
DA:66,1
DA:67,1
DA:78,1
DA:79,3
DA:80,3
DA:83,3
DA:91,2
DA:92,1
DA:94,1
DA:97,1
DA:98,1
DA:103,1
DA:104,3
DA:105,3
DA:108,2
DA:110,1
DA:112,1
DA:114,1
DA:119,1
DA:120,4
DA:121,4
DA:123,4
DA:125,4
DA:127,4
DA:129,1
DA:132,4
DA:136,3
DA:137,2
DA:139,1
DA:140,1
DA:144,1
LF:57
LH:57
BRDA:54,0,0,3
BRDA:54,0,1,2
BRDA:54,1,0,5
BRDA:54,1,1,4
BRDA:54,1,2,3
BRDA:91,2,0,1
BRDA:91,2,1,1
BRDA:108,3,0,1
BRDA:108,3,1,1
BRDA:125,4,0,1
BRDA:125,4,1,3
BRDA:127,5,0,1
BRDA:127,5,1,3
BRDA:127,6,0,4
BRDA:127,6,1,1
BRDA:136,7,0,1
BRDA:136,7,1,2
BRF:17
BRH:17
end_of_record
TN:
SF:routes\workers.js
FN:13,(anonymous_0)
FN:26,(anonymous_1)
FN:39,(anonymous_2)
FN:61,(anonymous_3)
FN:81,(anonymous_4)
FN:93,(anonymous_5)
FN:104,(anonymous_6)
FN:118,(anonymous_7)
FN:132,(anonymous_8)
FN:154,updateProgress
FN:175,resolveTask
FN:199,(anonymous_11)
FN:218,(anonymous_12)
FNF:13
FNH:8
FNDA:0,(anonymous_0)
FNDA:1,(anonymous_1)
FNDA:5,(anonymous_2)
FNDA:2,(anonymous_3)
FNDA:1,(anonymous_4)
FNDA:2,(anonymous_5)
FNDA:2,(anonymous_6)
FNDA:1,(anonymous_7)
FNDA:3,(anonymous_8)
FNDA:0,updateProgress
FNDA:0,resolveTask
FNDA:0,(anonymous_11)
FNDA:0,(anonymous_12)
DA:1,1
DA:2,1
DA:3,1
DA:5,1
DA:13,1
DA:14,0
DA:15,0
DA:18,0
DA:20,0
DA:21,0
DA:26,1
DA:27,1
DA:28,1
DA:31,1
DA:33,0
DA:34,0
DA:39,1
DA:40,5
DA:41,5
DA:43,5
DA:44,1
DA:47,4
DA:48,4
DA:52,3
DA:53,1
DA:55,1
DA:61,1
DA:62,2
DA:63,2
DA:65,2
DA:70,1
DA:71,0
DA:74,1
DA:76,1
DA:77,1
DA:81,1
DA:82,1
DA:83,1
DA:84,1
DA:87,0
DA:88,0
DA:93,1
DA:94,2
DA:95,2
DA:96,1
DA:98,1
DA:99,1
DA:104,1
DA:105,2
DA:106,2
DA:107,2
DA:108,1
DA:110,1
DA:112,0
DA:113,0
DA:118,1
DA:119,1
DA:120,1
DA:121,1
DA:122,0
DA:124,1
DA:126,0
DA:127,0
DA:132,1
DA:133,3
DA:135,3
DA:137,3
DA:140,3
DA:141,1
DA:143,2
DA:144,1
DA:147,1
DA:149,0
DA:155,0
DA:156,0
DA:165,0
DA:166,0
DA:170,0
DA:176,0
DA:178,0
DA:179,0
DA:189,0
DA:190,0
DA:191,0
DA:194,0
DA:199,1
DA:200,0
DA:201,0
DA:204,0
DA:206,0
DA:208,0
DA:209,0
DA:211,0
DA:213,0
DA:218,1
DA:219,0
DA:220,0
DA:221,0
DA:224,0
DA:225,0
DA:226,0
DA:229,0
DA:233,0
DA:234,0
DA:236,0
DA:240,1
LF:106
LH:60
BRDA:43,0,0,1
BRDA:43,0,1,4
BRDA:52,1,0,2
BRDA:52,1,1,1
BRDA:70,2,0,0
BRDA:70,2,1,1
BRDA:107,3,0,1
BRDA:107,3,1,1
BRDA:121,4,0,0
BRDA:121,4,1,1
BRDA:137,5,0,0
BRDA:137,5,1,3
BRDA:140,6,0,1
BRDA:140,6,1,2
BRDA:143,7,0,1
BRDA:143,7,1,1
BRDA:165,8,0,0
BRDA:165,8,1,0
BRDA:176,9,0,0
BRDA:176,9,1,0
BRDA:189,10,0,0
BRDA:189,10,1,0
BRDA:204,11,0,0
BRDA:204,11,1,0
BRDA:208,12,0,0
BRDA:208,12,1,0
BRDA:224,13,0,0
BRDA:224,13,1,0
BRDA:224,14,0,0
BRDA:224,14,1,0
BRDA:233,15,0,0
BRDA:233,15,1,0
BRF:32
BRH:13
end_of_record
